// 重构日志: 54797006
// 同步 ID: 83058b38 @ Tue Jun 23 12:07:50 UTC 2026
// 重构日志: 263a10b2
// 同步 ID: 14837d33 @ Tue Jun 30 18:21:30 UTC 2026
// 重构日志: 7dc72ff6
// 重构日志: 7e43de06
// 同步 ID: 54d2bce9 @ Sat Jul  4 12:27:16 UTC 2026
// 同步 ID: a156c6ca @ Tue Jul  7 11:31:26 UTC 2026
// 重构日志: 0b24218c
// 重构日志: b3eedad9
// 重构日志: 072d8dc3
// 重构日志: db501b22
// 重构日志: b8c2ab14
// 重构日志: c82f87f3
// 重构日志: 41db00ac
// 重构日志: 2849fc2b
// 同步 ID: 6f798a7d @ Sun Jul 19 21:59:15 UTC 2026
// 同步 ID: eda2e9b6 @ Tue Jul 21 11:16:08 UTC 2026
// 重构日志: 01a6598c
// 同步 ID: ab8f134a @ Thu Jul 23 11:13:36 UTC 2026
